01/14/23 - 02:30:17 (20.0'C): cpu: 35.0'C (delta: +15.0'C)
01/14/23 - 02:30:17 (20.0'C): gpu: 38.0'C (delta: +18.0'C)
01/14/23 - 03:00:01 (20.0'C): cpu: 38.0'C (delta: +18.0'C)
01/14/23 - 03:00:01 (20.0'C): gpu: 51.0'C (delta: +31.0'C)
01/14/23 - 04:00:01 (20.0'C): cpu: 35.0'C (delta: +15.0'C)
01/14/23 - 04:00:01 (20.0'C): gpu: 37.0'C (delta: +17.0'C)
01/14/23 - 05:00:01 (20.0'C): cpu: 35.0'C (delta: +15.0'C)
01/14/23 - 05:00:01 (20.0'C): gpu: 37.0'C (delta: +17.0'C)
01/14/23 - 06:00:01 (20.0'C): cpu: 34.0'C (delta: +14.0'C)
01/14/23 - 06:00:01 (20.0'C): gpu: 38.0'C (delta: +18.0'C)
01/14/23 - 07:00:01 (20.0'C): cpu: 35.0'C (delta: +15.0'C)
01/14/23 - 07:00:01 (20.0'C): gpu: 38.0'C (delta: +18.0'C)
01/14/23 - 08:00:01 (20.0'C): cpu: 34.0'C (delta: +14.0'C)
01/14/23 - 08:00:01 (20.0'C): gpu: 38.0'C (delta: +18.0'C)
01/14/23 - 09:00:01 (20.0'C): cpu: 35.0'C (delta: +15.0'C)
01/14/23 - 09:00:01 (20.0'C): gpu: 38.0'C (delta: +18.0'C)
01/14/23 - 10:00:01 (20.0'C): cpu: 35.0'C (delta: +15.0'C)
01/14/23 - 10:00:01 (20.0'C): gpu: 38.0'C (delta: +18.0'C)
01/14/23 - 11:00:01 (27.0'C): cpu: 36.0'C (delta: +9.0'C)
01/14/23 - 11:00:01 (27.0'C): gpu: 39.0'C (delta: +12.0'C)
01/14/23 - 12:00:01 (27.0'C): cpu: 37.0'C (delta: +10.0'C)
01/14/23 - 12:00:01 (27.0'C): gpu: 40.0'C (delta: +13.0'C)
01/14/23 - 13:00:01 (27.0'C): cpu: 37.0'C (delta: +10.0'C)
01/14/23 - 13:00:01 (27.0'C): gpu: 40.0'C (delta: +13.0'C)
01/14/23 - 14:00:01 (27.0'C): cpu: 38.0'C (delta: +11.0'C)
01/14/23 - 14:00:01 (27.0'C): gpu: 40.0'C (delta: +13.0'C)
01/14/23 - 15:00:01 (32.0'C): cpu: 39.0'C (delta: +7.0'C)
01/14/23 - 15:00:01 (32.0'C): gpu: 41.0'C (delta: +9.0'C)
01/14/23 - 16:00:01 (32.0'C): cpu: 39.0'C (delta: +7.0'C)
01/14/23 - 16:00:01 (32.0'C): gpu: 41.0'C (delta: +9.0'C)
01/14/23 - 17:00:01 (32.0'C): cpu: 38.0'C (delta: +6.0'C)
01/14/23 - 17:00:01 (32.0'C): gpu: 41.0'C (delta: +9.0'C)
01/14/23 - 18:00:02 (32.0'C): cpu: 38.0'C (delta: +6.0'C)
01/14/23 - 18:00:02 (32.0'C): gpu: 41.0'C (delta: +9.0'C)
01/14/23 - 19:00:01 (29.0'C): cpu: 38.0'C (delta: +9.0'C)
01/14/23 - 19:00:01 (29.0'C): gpu: 41.0'C (delta: +12.0'C)
01/14/23 - 20:00:01 (29.0'C): cpu: 38.0'C (delta: +9.0'C)
01/14/23 - 20:00:01 (29.0'C): gpu: 41.0'C (delta: +12.0'C)
01/14/23 - 21:00:01 (29.0'C): cpu: 38.0'C (delta: +9.0'C)
01/14/23 - 21:00:01 (29.0'C): gpu: 41.0'C (delta: +12.0'C)
01/14/23 - 22:00:01 (29.0'C): cpu: 44.0'C (delta: +15.0'C)
01/14/23 - 22:00:01 (29.0'C): gpu: 41.0'C (delta: +12.0'C)
01/14/23 - 23:00:01 (29.0'C): cpu: 38.0'C (delta: +9.0'C)
01/14/23 - 23:00:01 (29.0'C): gpu: 40.0'C (delta: +11.0'C)
01/15/23 - 00:00:01 (--): cpu: 38.0'C (delta: --)
01/15/23 - 00:00:01 (--): gpu: 41.0'C (delta: --)
01/15/23 - 01:00:01 (20.0'C): cpu: 38.0'C (delta: +18.0'C)
01/15/23 - 01:00:01 (20.0'C): gpu: 41.0'C (delta: +21.0'C)
01/15/23 - 02:00:01 (20.0'C): cpu: 37.0'C (delta: +17.0'C)
01/15/23 - 02:00:01 (20.0'C): gpu: 40.0'C (delta: +20.0'C)
01/15/23 - 03:00:01 (20.0'C): cpu: 40.0'C (delta: +20.0'C)
01/15/23 - 03:00:01 (20.0'C): gpu: 41.0'C (delta: +21.0'C)
01/15/23 - 04:00:01 (19.0'C): cpu: 37.0'C (delta: +18.0'C)
01/15/23 - 04:00:01 (19.0'C): gpu: 40.0'C (delta: +21.0'C)
01/15/23 - 05:00:01 (19.0'C): cpu: 36.0'C (delta: +17.0'C)
01/15/23 - 05:00:01 (19.0'C): gpu: 40.0'C (delta: +21.0'C)
01/15/23 - 06:00:01 (19.0'C): cpu: 36.0'C (delta: +17.0'C)
01/15/23 - 06:00:01 (19.0'C): gpu: 40.0'C (delta: +21.0'C)
01/15/23 - 07:00:01 (19.0'C): cpu: 36.0'C (delta: +17.0'C)
01/15/23 - 07:00:01 (19.0'C): gpu: 39.0'C (delta: +20.0'C)
01/15/23 - 08:00:01 (18.0'C): cpu: 36.0'C (delta: +18.0'C)
01/15/23 - 08:00:01 (18.0'C): gpu: 39.0'C (delta: +21.0'C)
01/15/23 - 09:00:01 (18.0'C): cpu: 36.0'C (delta: +18.0'C)
01/15/23 - 09:00:01 (18.0'C): gpu: 39.0'C (delta: +21.0'C)
01/15/23 - 10:00:01 (18.0'C): cpu: 36.0'C (delta: +18.0'C)
01/15/23 - 10:00:01 (18.0'C): gpu: 39.0'C (delta: +21.0'C)
01/15/23 - 11:00:01 (18.0'C): cpu: 36.0'C (delta: +18.0'C)
01/15/23 - 11:00:01 (18.0'C): gpu: 39.0'C (delta: +21.0'C)
01/15/23 - 12:00:01 (19.0'C): cpu: 36.0'C (delta: +17.0'C)
01/15/23 - 12:00:01 (19.0'C): gpu: 39.0'C (delta: +20.0'C)
01/15/23 - 13:00:01 (19.0'C): cpu: 37.0'C (delta: +18.0'C)
01/15/23 - 13:00:01 (19.0'C): gpu: 39.0'C (delta: +20.0'C)
01/15/23 - 14:00:01 (19.0'C): cpu: 37.0'C (delta: +18.0'C)
01/15/23 - 14:00:01 (19.0'C): gpu: 40.0'C (delta: +21.0'C)
01/15/23 - 15:00:01 (19.0'C): cpu: 36.0'C (delta: +17.0'C)
01/15/23 - 15:00:01 (19.0'C): gpu: 40.0'C (delta: +21.0'C)
01/15/23 - 16:00:01 (21.0'C): cpu: 38.0'C (delta: +17.0'C)
01/15/23 - 16:00:01 (21.0'C): gpu: 40.0'C (delta: +19.0'C)
01/15/23 - 17:00:01 (21.0'C): cpu: 36.0'C (delta: +15.0'C)
01/15/23 - 17:00:01 (21.0'C): gpu: 40.0'C (delta: +19.0'C)
01/15/23 - 18:00:01 (21.0'C): cpu: 36.0'C (delta: +15.0'C)
01/15/23 - 18:00:01 (21.0'C): gpu: 39.0'C (delta: +18.0'C)
01/15/23 - 19:00:01 (21.0'C): cpu: 36.0'C (delta: +15.0'C)
01/15/23 - 19:00:01 (21.0'C): gpu: 39.0'C (delta: +18.0'C)
01/15/23 - 20:00:01 (18.0'C): cpu: 38.0'C (delta: +20.0'C)
01/15/23 - 20:00:01 (18.0'C): gpu: 41.0'C (delta: +23.0'C)
01/15/23 - 21:00:01 (18.0'C): cpu: 35.0'C (delta: +17.0'C)
01/15/23 - 21:00:01 (18.0'C): gpu: 39.0'C (delta: +21.0'C)
01/15/23 - 22:00:01 (18.0'C): cpu: 36.0'C (delta: +18.0'C)
01/15/23 - 22:00:01 (18.0'C): gpu: 39.0'C (delta: +21.0'C)
01/15/23 - 23:00:01 (18.0'C): cpu: 38.0'C (delta: +20.0'C)
01/15/23 - 23:00:01 (18.0'C): gpu: 39.0'C (delta: +21.0'C)
01/16/23 - 00:00:01 (15.0'C): cpu: 35.0'C (delta: +20.0'C)
01/16/23 - 00:00:01 (15.0'C): gpu: 39.0'C (delta: +24.0'C)
01/16/23 - 01:00:01 (15.0'C): cpu: 35.0'C (delta: +20.0'C)
01/16/23 - 01:00:01 (15.0'C): gpu: 38.0'C (delta: +23.0'C)
01/16/23 - 02:00:01 (14.0'C): cpu: 48.0'C (delta: +34.0'C)
01/16/23 - 02:00:01 (14.0'C): gpu: 37.0'C (delta: +23.0'C)
01/16/23 - 03:00:01 (14.0'C): cpu: 38.0'C (delta: +24.0'C)
01/16/23 - 03:00:01 (14.0'C): gpu: 38.0'C (delta: +24.0'C)
01/16/23 - 04:00:01 (14.0'C): cpu: 35.0'C (delta: +21.0'C)
01/16/23 - 04:00:01 (14.0'C): gpu: 38.0'C (delta: +24.0'C)
01/16/23 - 05:00:01 (14.0'C): cpu: 37.0'C (delta: +23.0'C)
01/16/23 - 05:00:01 (14.0'C): gpu: 43.0'C (delta: +29.0'C)
01/16/23 - 06:00:01 (14.0'C): cpu: 33.0'C (delta: +19.0'C)
01/16/23 - 06:00:01 (14.0'C): gpu: 36.0'C (delta: +22.0'C)
01/16/23 - 07:00:01 (14.0'C): cpu: 34.0'C (delta: +20.0'C)
01/16/23 - 07:00:01 (14.0'C): gpu: 36.0'C (delta: +22.0'C)
01/16/23 - 08:00:01 (17.0'C): cpu: 33.0'C (delta: +16.0'C)
01/16/23 - 08:00:01 (17.0'C): gpu: 36.0'C (delta: +19.0'C)
01/16/23 - 09:00:01 (17.0'C): cpu: 33.0'C (delta: +16.0'C)
01/16/23 - 09:00:01 (17.0'C): gpu: 37.0'C (delta: +20.0'C)
01/16/23 - 10:00:01 (17.0'C): cpu: 35.0'C (delta: +18.0'C)
01/16/23 - 10:00:01 (17.0'C): gpu: 38.0'C (delta: +21.0'C)
01/16/23 - 11:00:01 (17.0'C): cpu: 35.0'C (delta: +18.0'C)
01/16/23 - 11:00:01 (17.0'C): gpu: 38.0'C (delta: +21.0'C)
01/16/23 - 12:00:01 (27.0'C): cpu: 34.0'C (delta: +7.0'C)
01/16/23 - 12:00:01 (27.0'C): gpu: 38.0'C (delta: +11.0'C)
01/16/23 - 13:00:01 (27.0'C): cpu: 35.0'C (delta: +8.0'C)
01/16/23 - 13:00:01 (27.0'C): gpu: 39.0'C (delta: +12.0'C)
01/16/23 - 14:00:01 (27.0'C): cpu: 36.0'C (delta: +9.0'C)
01/16/23 - 14:00:01 (27.0'C): gpu: 40.0'C (delta: +13.0'C)
01/16/23 - 15:00:01 (27.0'C): cpu: 37.0'C (delta: +10.0'C)
01/16/23 - 15:00:01 (27.0'C): gpu: 40.0'C (delta: +13.0'C)
01/16/23 - 16:00:01 (24.0'C): cpu: 36.0'C (delta: +12.0'C)
01/16/23 - 16:00:01 (24.0'C): gpu: 39.0'C (delta: +15.0'C)
01/16/23 - 17:00:01 (24.0'C): cpu: 36.0'C (delta: +12.0'C)
01/16/23 - 17:00:01 (24.0'C): gpu: 40.0'C (delta: +16.0'C)
01/16/23 - 18:00:01 (24.0'C): cpu: 36.0'C (delta: +12.0'C)
01/16/23 - 18:00:01 (24.0'C): gpu: 40.0'C (delta: +16.0'C)
01/16/23 - 19:00:01 (24.0'C): cpu: 37.0'C (delta: +13.0'C)
01/16/23 - 19:00:01 (24.0'C): gpu: 40.0'C (delta: +16.0'C)
01/16/23 - 20:00:01 (24.0'C): cpu: 38.0'C (delta: +14.0'C)
01/16/23 - 20:00:01 (24.0'C): gpu: 40.0'C (delta: +16.0'C)
01/16/23 - 21:00:01 (25.0'C): cpu: 38.0'C (delta: +13.0'C)
01/16/23 - 21:00:01 (25.0'C): gpu: 40.0'C (delta: +15.0'C)
01/16/23 - 22:00:01 (25.0'C): cpu: 38.0'C (delta: +13.0'C)
01/16/23 - 22:00:01 (25.0'C): gpu: 40.0'C (delta: +15.0'C)
01/16/23 - 23:00:01 (25.0'C): cpu: 37.0'C (delta: +12.0'C)
01/16/23 - 23:00:01 (25.0'C): gpu: 40.0'C (delta: +15.0'C)
01/17/23 - 00:00:01 (25.0'C): cpu: 37.0'C (delta: +12.0'C)
01/17/23 - 00:00:01 (25.0'C): gpu: 40.0'C (delta: +15.0'C)
01/17/23 - 01:00:01 (19.0'C): cpu: 37.0'C (delta: +18.0'C)
01/17/23 - 01:00:01 (19.0'C): gpu: 40.0'C (delta: +21.0'C)
01/17/23 - 02:00:01 (19.0'C): cpu: 37.0'C (delta: +18.0'C)
01/17/23 - 02:00:01 (19.0'C): gpu: 40.0'C (delta: +21.0'C)
01/17/23 - 03:00:01 (19.0'C): cpu: 41.0'C (delta: +22.0'C)
01/17/23 - 03:00:01 (19.0'C): gpu: 40.0'C (delta: +21.0'C)
01/17/23 - 04:00:01 (19.0'C): cpu: 36.0'C (delta: +17.0'C)
01/17/23 - 04:00:01 (19.0'C): gpu: 39.0'C (delta: +20.0'C)
01/17/23 - 05:00:01 (17.0'C): cpu: 37.0'C (delta: +20.0'C)
01/17/23 - 05:00:01 (17.0'C): gpu: 39.0'C (delta: +22.0'C)
01/17/23 - 06:00:01 (17.0'C): cpu: 35.0'C (delta: +18.0'C)
01/17/23 - 06:00:01 (17.0'C): gpu: 38.0'C (delta: +21.0'C)
01/17/23 - 07:00:01 (17.0'C): cpu: 35.0'C (delta: +18.0'C)
01/17/23 - 07:00:01 (17.0'C): gpu: 38.0'C (delta: +21.0'C)
01/17/23 - 08:00:01 (17.0'C): cpu: 36.0'C (delta: +19.0'C)
01/17/23 - 08:00:01 (17.0'C): gpu: 39.0'C (delta: +22.0'C)
01/17/23 - 09:00:01 (19.0'C): cpu: 34.0'C (delta: +15.0'C)
01/17/23 - 09:00:01 (19.0'C): gpu: 37.0'C (delta: +18.0'C)
01/17/23 - 10:00:01 (19.0'C): cpu: 33.0'C (delta: +14.0'C)
01/17/23 - 10:00:01 (19.0'C): gpu: 36.0'C (delta: +17.0'C)
01/17/23 - 11:00:01 (19.0'C): cpu: 33.0'C (delta: +14.0'C)
01/17/23 - 11:00:01 (19.0'C): gpu: 36.0'C (delta: +17.0'C)
01/17/23 - 12:00:01 (19.0'C): cpu: 35.0'C (delta: +16.0'C)
01/17/23 - 12:00:01 (19.0'C): gpu: 39.0'C (delta: +20.0'C)
01/17/23 - 13:00:01 (35.0'C): cpu: 37.0'C (delta: +2.0'C)
01/17/23 - 13:00:01 (35.0'C): gpu: 40.0'C (delta: +5.0'C)
01/17/23 - 14:00:01 (35.0'C): cpu: 37.0'C (delta: +2.0'C)
01/17/23 - 14:00:01 (35.0'C): gpu: 41.0'C (delta: +6.0'C)
01/17/23 - 15:00:01 (35.0'C): cpu: 39.0'C (delta: +4.0'C)
01/17/23 - 15:00:01 (35.0'C): gpu: 42.0'C (delta: +7.0'C)
01/17/23 - 16:00:01 (35.0'C): cpu: 38.0'C (delta: +3.0'C)
01/17/23 - 16:00:01 (35.0'C): gpu: 41.0'C (delta: +6.0'C)
01/17/23 - 17:00:01 (36.0'C): cpu: 38.0'C (delta: +2.0'C)
01/17/23 - 17:00:01 (36.0'C): gpu: 41.0'C (delta: +5.0'C)
01/17/23 - 18:00:01 (36.0'C): cpu: 38.0'C (delta: +2.0'C)
01/17/23 - 18:00:01 (36.0'C): gpu: 41.0'C (delta: +5.0'C)
01/17/23 - 19:00:01 (36.0'C): cpu: 36.0'C (delta: +0.0'C)
01/17/23 - 19:00:01 (36.0'C): gpu: 38.0'C (delta: +2.0'C)
01/17/23 - 20:00:01 (36.0'C): cpu: 37.0'C (delta: +1.0'C)
01/17/23 - 20:00:01 (36.0'C): gpu: 40.0'C (delta: +4.0'C)
01/17/23 - 21:00:01 (23.0'C): cpu: 37.0'C (delta: +14.0'C)
01/17/23 - 21:00:01 (23.0'C): gpu: 40.0'C (delta: +17.0'C)
01/17/23 - 22:00:01 (23.0'C): cpu: 34.0'C (delta: +11.0'C)
01/17/23 - 22:00:01 (23.0'C): gpu: 38.0'C (delta: +15.0'C)
01/17/23 - 23:00:01 (23.0'C): cpu: 34.0'C (delta: +11.0'C)
01/17/23 - 23:00:01 (23.0'C): gpu: 37.0'C (delta: +14.0'C)
01/18/23 - 00:00:01 (23.0'C): cpu: 33.0'C (delta: +10.0'C)
01/18/23 - 00:00:01 (23.0'C): gpu: 37.0'C (delta: +14.0'C)
01/18/23 - 01:00:01 (22.0'C): cpu: 34.0'C (delta: +12.0'C)
01/18/23 - 01:00:01 (22.0'C): gpu: 36.0'C (delta: +14.0'C) (util: 0%)
18/01/23-01:00:03 22.0 34.0 +12.0 36.0 +14.0 0%
01/18/23 - 02:00:01 (21.0'C): cpu: 33.0'C (delta: +12.0'C)
01/18/23 - 02:00:01 (21.0'C): gpu: 36.0'C (delta: +15.0'C) (util: 0%)
01/18/23 - 03:00:01 (21.0'C): cpu: 36.0'C (delta: +15.0'C)
01/18/23 - 03:00:01 (21.0'C): gpu: 38.0'C (delta: +17.0'C) (util: 0%)
01/18/23 - 04:00:01 (21.0'C): cpu: 35.0'C (delta: +14.0'C)
01/18/23 - 04:00:01 (21.0'C): gpu: 39.0'C (delta: +18.0'C) (util: 0%)
01/18/23 - 05:00:01 (20.0'C): cpu: 36.0'C (delta: +16.0'C)
01/18/23 - 05:00:01 (20.0'C): gpu: 39.0'C (delta: +19.0'C) (util: 0%)
01/18/23 - 06:00:01 (20.0'C): cpu: 35.0'C (delta: +15.0'C)
01/18/23 - 06:00:01 (20.0'C): gpu: 39.0'C (delta: +19.0'C) (util: 0%)
01/18/23 - 07:00:01 (20.0'C): cpu: 35.0'C (delta: +15.0'C)
01/18/23 - 07:00:01 (20.0'C): gpu: 37.0'C (delta: +17.0'C) (util: 0%)
01/18/23 - 08:00:01 (20.0'C): cpu: 33.0'C (delta: +13.0'C)
01/18/23 - 08:00:01 (20.0'C): gpu: 37.0'C (delta: +17.0'C) (util: 0%)
01/18/23 - 09:00:01 (18.0'C): cpu: 35.0'C (delta: +17.0'C)
01/18/23 - 09:00:01 (18.0'C): gpu: 38.0'C (delta: +20.0'C) (util: 0%)
01/18/23 - 10:00:01 (18.0'C): cpu: 35.0'C (delta: +17.0'C)
01/18/23 - 10:00:01 (18.0'C): gpu: 38.0'C (delta: +20.0'C) (util: 0%)
01/18/23 - 11:00:01 (18.0'C): cpu: 35.0'C (delta: +17.0'C)
01/18/23 - 11:00:01 (18.0'C): gpu: 38.0'C (delta: +20.0'C) (util: 0%)
01/18/23 - 12:00:01 (18.0'C): cpu: 34.0'C (delta: +16.0'C)
01/18/23 - 12:00:01 (18.0'C): gpu: 36.0'C (delta: +18.0'C) (util: 0%)
01/18/23 - 13:00:01 (17.0'C): cpu: 33.0'C (delta: +16.0'C)
01/18/23 - 13:00:01 (17.0'C): gpu: 36.0'C (delta: +19.0'C) (util: 0%)
01/18/23 - 14:00:01 (17.0'C): cpu: 32.0'C (delta: +15.0'C)
01/18/23 - 14:00:01 (17.0'C): gpu: 36.0'C (delta: +19.0'C) (util: 0%)
01/18/23 - 15:00:01 (17.0'C): cpu: 32.0'C (delta: +15.0'C)
01/18/23 - 15:00:01 (17.0'C): gpu: 35.0'C (delta: +18.0'C) (util: 0%)
01/18/23 - 16:00:01 (17.0'C): cpu: 32.0'C (delta: +15.0'C)
01/18/23 - 16:00:01 (17.0'C): gpu: 35.0'C (delta: +18.0'C) (util: 0%)
01/18/23 - 17:00:01 (16.0'C): cpu: 34.0'C (delta: +18.0'C)
01/18/23 - 17:00:01 (16.0'C): gpu: 36.0'C (delta: +20.0'C) (util: 0%)
01/18/23 - 18:00:01 (16.0'C): cpu: 33.0'C (delta: +17.0'C)
01/18/23 - 18:00:01 (16.0'C): gpu: 36.0'C (delta: +20.0'C) (util: 0%)
01/18/23 - 19:00:01 (16.0'C): cpu: 33.0'C (delta: +17.0'C)
01/18/23 - 19:00:01 (16.0'C): gpu: 37.0'C (delta: +21.0'C) (util: 0%)
01/18/23 - 20:00:01 (16.0'C): cpu: 34.0'C (delta: +18.0'C)
01/18/23 - 20:00:01 (16.0'C): gpu: 37.0'C (delta: +21.0'C) (util: 0%)
01/18/23 - 21:00:01 (15.0'C): cpu: 33.0'C (delta: +18.0'C)
01/18/23 - 21:00:01 (15.0'C): gpu: 37.0'C (delta: +22.0'C) (util: 0%)
01/18/23 - 22:00:01 (15.0'C): cpu: 35.0'C (delta: +20.0'C)
01/18/23 - 22:00:01 (15.0'C): gpu: 37.0'C (delta: +22.0'C) (util: 0%)
01/18/23 - 23:00:01 (15.0'C): cpu: 35.0'C (delta: +20.0'C)
01/18/23 - 23:00:01 (15.0'C): gpu: 37.0'C (delta: +22.0'C) (util: 0%)
01/19/23 - 00:00:01 (15.0'C): cpu: 36.0'C (delta: +21.0'C)
01/19/23 - 00:00:01 (15.0'C): gpu: 37.0'C (delta: +22.0'C) (util: 0%)
01/19/23 - 01:00:01 (15.0'C): cpu: 34.0'C (delta: +19.0'C)
01/19/23 - 01:00:01 (15.0'C): gpu: 37.0'C (delta: +22.0'C) (util: 0%)
01/19/23 - 02:00:01 (13.0'C): cpu: 54.0'C (delta: +41.0'C)
01/19/23 - 02:00:01 (13.0'C): gpu: 37.0'C (delta: +24.0'C) (util: 0%)
01/19/23 - 03:00:01 (13.0'C): cpu: 45.0'C (delta: +32.0'C)
01/19/23 - 03:00:01 (13.0'C): gpu: 37.0'C (delta: +24.0'C) (util: 0%)
01/19/23 - 04:00:01 (13.0'C): cpu: 38.0'C (delta: +25.0'C)
01/19/23 - 04:00:01 (13.0'C): gpu: 37.0'C (delta: +24.0'C) (util: 0%)
01/19/23 - 05:00:01 (13.0'C): cpu: 35.0'C (delta: +22.0'C)
01/19/23 - 05:00:01 (13.0'C): gpu: 37.0'C (delta: +24.0'C) (util: 0%)
01/19/23 - 06:00:01 (11.0'C): cpu: 33.0'C (delta: +22.0'C)
01/19/23 - 06:00:01 (11.0'C): gpu: 36.0'C (delta: +25.0'C) (util: 0%)
01/19/23 - 07:00:01 (11.0'C): cpu: 36.0'C (delta: +25.0'C)
01/19/23 - 07:00:01 (11.0'C): gpu: 37.0'C (delta: +26.0'C) (util: 0%)
01/19/23 - 08:00:01 (11.0'C): cpu: 35.0'C (delta: +24.0'C)
01/19/23 - 08:00:01 (11.0'C): gpu: 36.0'C (delta: +25.0'C) (util: 0%)
01/19/23 - 09:00:01 (11.0'C): cpu: 34.0'C (delta: +23.0'C)
01/19/23 - 09:00:01 (11.0'C): gpu: 37.0'C (delta: +26.0'C) (util: 0%)
01/19/23 - 18:15:01 (18.0'C): cpu: 36.0'C (delta: +18.0'C)
01/19/23 - 18:15:01 (18.0'C): gpu: 38.0'C (delta: +20.0'C) (util: 0%)
01/19/23 - 19:15:01 (18.0'C): cpu: 35.0'C (delta: +17.0'C)
01/19/23 - 19:15:01 (18.0'C): gpu: 37.0'C (delta: +19.0'C) (util: 0%)
01/19/23 - 20:15:01 (18.0'C): cpu: 36.0'C (delta: +18.0'C)
01/19/23 - 20:15:01 (18.0'C): gpu: 37.0'C (delta: +19.0'C) (util: 0%)
01/19/23 - 21:15:01 (18.0'C): cpu: 44.0'C (delta: +26.0'C)
01/19/23 - 21:15:01 (18.0'C): gpu: 37.0'C (delta: +19.0'C) (util: 0%)
01/19/23 - 22:15:01 (15.0'C): cpu: 34.0'C (delta: +19.0'C)
01/19/23 - 22:15:01 (15.0'C): gpu: 36.0'C (delta: +21.0'C) (util: 0%)
01/19/23 - 23:15:01 (15.0'C): cpu: 34.0'C (delta: +19.0'C)
01/19/23 - 23:15:01 (15.0'C): gpu: 36.0'C (delta: +21.0'C) (util: 0%)
01/20/23 - 00:15:01 (15.0'C): cpu: 36.0'C (delta: +21.0'C)
01/20/23 - 00:15:01 (15.0'C): gpu: 36.0'C (delta: +21.0'C) (util: 0%)
01/20/23 - 01:15:01 (15.0'C): cpu: 37.0'C (delta: +22.0'C)
01/20/23 - 01:15:01 (15.0'C): gpu: 37.0'C (delta: +22.0'C) (util: 0%)
01/20/23 - 02:15:01 (15.0'C): cpu: 36.0'C (delta: +21.0'C)
01/20/23 - 02:15:01 (15.0'C): gpu: 37.0'C (delta: +22.0'C) (util: 0%)
01/20/23 - 03:15:01 (15.0'C): cpu: 35.0'C (delta: +20.0'C)
01/20/23 - 03:15:01 (15.0'C): gpu: 37.0'C (delta: +22.0'C) (util: 0%)
01/20/23 - 04:15:01 (15.0'C): cpu: 34.0'C (delta: +19.0'C)
01/20/23 - 04:15:01 (15.0'C): gpu: 36.0'C (delta: +21.0'C) (util: 0%)
01/20/23 - 05:15:01 (15.0'C): cpu: 34.0'C (delta: +19.0'C)
01/20/23 - 05:15:01 (15.0'C): gpu: 36.0'C (delta: +21.0'C) (util: 0%)
01/20/23 - 06:15:01 (15.0'C): cpu: 34.0'C (delta: +19.0'C)
01/20/23 - 06:15:01 (15.0'C): gpu: 36.0'C (delta: +21.0'C) (util: 0%)
01/20/23 - 07:15:01 (15.0'C): cpu: 34.0'C (delta: +19.0'C)
01/20/23 - 07:15:01 (15.0'C): gpu: 36.0'C (delta: +21.0'C) (util: 0%)
01/20/23 - 09:15:01 (15.0'C): cpu: 34.0'C (delta: +19.0'C)
01/20/23 - 09:15:01 (15.0'C): gpu: 37.0'C (delta: +22.0'C) (util: 0%)
01/20/23 - 10:15:01 (17.0'C): cpu: 35.0'C (delta: +18.0'C)
01/20/23 - 10:15:01 (17.0'C): gpu: 39.0'C (delta: +22.0'C) (util: 0%)
01/20/23 - 11:15:01 (17.0'C): cpu: 36.0'C (delta: +19.0'C)
01/20/23 - 11:15:01 (17.0'C): gpu: 39.0'C (delta: +22.0'C) (util: 0%)
01/20/23 - 12:15:01 (17.0'C): cpu: 36.0'C (delta: +19.0'C)
01/20/23 - 12:15:01 (17.0'C): gpu: 39.0'C (delta: +22.0'C) (util: 0%)
01/20/23 - 13:15:01 (17.0'C): cpu: 35.0'C (delta: +18.0'C)
01/20/23 - 13:15:01 (17.0'C): gpu: 38.0'C (delta: +21.0'C) (util: 0%)
01/20/23 - 14:15:01 (21.0'C): cpu: 33.0'C (delta: +12.0'C)
01/20/23 - 14:15:01 (21.0'C): gpu: 37.0'C (delta: +16.0'C) (util: 0%)
01/20/23 - 15:15:01 (21.0'C): cpu: 33.0'C (delta: +12.0'C)
01/20/23 - 15:15:01 (21.0'C): gpu: 37.0'C (delta: +16.0'C) (util: 0%)
01/20/23 - 16:15:01 (21.0'C): cpu: 33.0'C (delta: +12.0'C)
01/20/23 - 16:15:01 (21.0'C): gpu: 37.0'C (delta: +16.0'C) (util: 0%)
01/20/23 - 17:15:01 (21.0'C): cpu: 45.0'C (delta: +24.0'C)
01/20/23 - 17:15:01 (21.0'C): gpu: 36.0'C (delta: +15.0'C) (util: 0%)
01/20/23 - 18:15:01 (22.0'C): cpu: 34.0'C (delta: +12.0'C)
01/20/23 - 18:15:01 (22.0'C): gpu: 37.0'C (delta: +15.0'C) (util: 0%)
01/20/23 - 19:15:01 (22.0'C): cpu: 34.0'C (delta: +12.0'C)
01/20/23 - 19:15:01 (22.0'C): gpu: 38.0'C (delta: +16.0'C) (util: 0%)
01/20/23 - 20:15:01 (22.0'C): cpu: 34.0'C (delta: +12.0'C)
01/20/23 - 20:15:01 (22.0'C): gpu: 38.0'C (delta: +16.0'C) (util: 0%)
01/20/23 - 21:15:01 (22.0'C): cpu: 36.0'C (delta: +14.0'C)
01/20/23 - 21:15:01 (22.0'C): gpu: 40.0'C (delta: +18.0'C) (util: 0%)
01/20/23 - 22:15:01 (16.0'C): cpu: 36.0'C (delta: +20.0'C)
01/20/23 - 22:15:01 (16.0'C): gpu: 40.0'C (delta: +24.0'C) (util: 0%)
01/20/23 - 23:15:01 (16.0'C): cpu: 35.0'C (delta: +19.0'C)
01/20/23 - 23:15:01 (16.0'C): gpu: 38.0'C (delta: +22.0'C) (util: 0%)
01/21/23 - 00:15:01 (16.0'C): cpu: 34.0'C (delta: +18.0'C)
01/21/23 - 00:15:01 (16.0'C): gpu: 38.0'C (delta: +22.0'C) (util: 0%)
01/21/23 - 01:15:01 (16.0'C): cpu: 34.0'C (delta: +18.0'C)
01/21/23 - 01:15:01 (16.0'C): gpu: 37.0'C (delta: +21.0'C) (util: 0%)
01/21/23 - 02:15:01 (15.0'C): cpu: 34.0'C (delta: +19.0'C)
01/21/23 - 02:15:01 (15.0'C): gpu: 37.0'C (delta: +22.0'C) (util: 0%)
01/21/23 - 03:15:01 (15.0'C): cpu: 34.0'C (delta: +19.0'C)
01/21/23 - 03:15:01 (15.0'C): gpu: 37.0'C (delta: +22.0'C) (util: 0%)
01/21/23 - 04:15:01 (15.0'C): cpu: 34.0'C (delta: +19.0'C)
01/21/23 - 04:15:01 (15.0'C): gpu: 37.0'C (delta: +22.0'C) (util: 0%)
01/21/23 - 05:15:01 (15.0'C): cpu: 38.0'C (delta: +23.0'C)
01/21/23 - 05:15:01 (15.0'C): gpu: 37.0'C (delta: +22.0'C) (util: 0%)
01/21/23 - 06:15:01 (15.0'C): cpu: 35.0'C (delta: +20.0'C)
01/21/23 - 06:15:01 (15.0'C): gpu: 37.0'C (delta: +22.0'C) (util: 0%)
01/21/23 - 07:15:01 (15.0'C): cpu: 37.0'C (delta: +22.0'C)
01/21/23 - 07:15:01 (15.0'C): gpu: 37.0'C (delta: +22.0'C) (util: 0%)
01/21/23 - 08:15:01 (15.0'C): cpu: 36.0'C (delta: +21.0'C)
01/21/23 - 08:15:01 (15.0'C): gpu: 37.0'C (delta: +22.0'C) (util: 0%)
01/21/23 - 09:15:01 (15.0'C): cpu: 34.0'C (delta: +19.0'C)
01/21/23 - 09:15:01 (15.0'C): gpu: 37.0'C (delta: +22.0'C) (util: 0%)
01/21/23 - 10:15:01 (20.0'C): cpu: 35.0'C (delta: +15.0'C)
01/21/23 - 10:15:01 (20.0'C): gpu: 38.0'C (delta: +18.0'C) (util: 0%)
01/21/23 - 11:15:01 (20.0'C): cpu: 36.0'C (delta: +16.0'C)
01/21/23 - 11:15:01 (20.0'C): gpu: 39.0'C (delta: +19.0'C) (util: 0%)
01/21/23 - 12:15:01 (20.0'C): cpu: 35.0'C (delta: +15.0'C)
01/21/23 - 12:15:01 (20.0'C): gpu: 39.0'C (delta: +19.0'C) (util: 0%)
01/21/23 - 13:15:01 (20.0'C): cpu: 36.0'C (delta: +16.0'C)
01/21/23 - 13:15:01 (20.0'C): gpu: 39.0'C (delta: +19.0'C) (util: 0%)
01/21/23 - 14:15:01 (20.0'C): cpu: 36.0'C (delta: +16.0'C)
01/21/23 - 14:15:01 (20.0'C): gpu: 39.0'C (delta: +19.0'C) (util: 0%)
01/21/23 - 15:15:01 (23.0'C): cpu: 36.0'C (delta: +13.0'C)
01/21/23 - 15:15:01 (23.0'C): gpu: 39.0'C (delta: +16.0'C) (util: 0%)
01/21/23 - 16:15:01 (23.0'C): cpu: 36.0'C (delta: +13.0'C)
01/21/23 - 16:15:01 (23.0'C): gpu: 40.0'C (delta: +17.0'C) (util: 0%)
01/21/23 - 17:15:01 (23.0'C): cpu: 39.0'C (delta: +16.0'C)
01/21/23 - 17:15:01 (23.0'C): gpu: 40.0'C (delta: +17.0'C) (util: 0%)
01/21/23 - 18:15:01 (23.0'C): cpu: 37.0'C (delta: +14.0'C)
01/21/23 - 18:15:01 (23.0'C): gpu: 40.0'C (delta: +17.0'C) (util: 0%)
01/21/23 - 19:15:01 (22.0'C): cpu: 35.0'C (delta: +13.0'C)
01/21/23 - 19:15:01 (22.0'C): gpu: 37.0'C (delta: +15.0'C) (util: 0%)
01/21/23 - 20:15:01 (22.0'C): cpu: 33.0'C (delta: +11.0'C)
01/21/23 - 20:15:01 (22.0'C): gpu: 36.0'C (delta: +14.0'C) (util: 0%)
01/21/23 - 21:15:01 (22.0'C): cpu: 32.0'C (delta: +10.0'C)
01/21/23 - 21:15:01 (22.0'C): gpu: 34.0'C (delta: +12.0'C) (util: 0%)
01/21/23 - 22:15:01 (22.0'C): cpu: 32.0'C (delta: +10.0'C)
01/21/23 - 22:15:01 (22.0'C): gpu: 35.0'C (delta: +13.0'C) (util: 0%)
01/21/23 - 23:15:01 (17.0'C): cpu: 33.0'C (delta: +16.0'C)
01/21/23 - 23:15:01 (17.0'C): gpu: 37.0'C (delta: +20.0'C) (util: 0%)
01/22/23 - 00:15:01 (17.0'C): cpu: 34.0'C (delta: +17.0'C)
01/22/23 - 00:15:01 (17.0'C): gpu: 37.0'C (delta: +20.0'C) (util: 0%)
01/22/23 - 01:15:01 (17.0'C): cpu: 35.0'C (delta: +18.0'C)
01/22/23 - 01:15:01 (17.0'C): gpu: 38.0'C (delta: +21.0'C) (util: 0%)
01/22/23 - 02:15:01 (18.0'C): cpu: 34.0'C (delta: +16.0'C)
01/22/23 - 02:15:01 (18.0'C): gpu: 36.0'C (delta: +18.0'C) (util: 0%)
01/22/23 - 03:15:01 (17.0'C): cpu: 34.0'C (delta: +17.0'C)
01/22/23 - 03:15:01 (17.0'C): gpu: 36.0'C (delta: +19.0'C) (util: 0%)
01/22/23 - 04:15:01 (17.0'C): cpu: 34.0'C (delta: +17.0'C)
01/22/23 - 04:15:01 (17.0'C): gpu: 36.0'C (delta: +19.0'C) (util: 0%)
01/22/23 - 05:15:01 (17.0'C): cpu: 34.0'C (delta: +17.0'C)
01/22/23 - 05:15:01 (17.0'C): gpu: 36.0'C (delta: +19.0'C) (util: 0%)
01/22/23 - 06:15:01 (17.0'C): cpu: 34.0'C (delta: +17.0'C)
01/22/23 - 06:15:01 (17.0'C): gpu: 37.0'C (delta: +20.0'C) (util: 0%)
01/22/23 - 07:15:01 (17.0'C): cpu: 33.0'C (delta: +16.0'C)
01/22/23 - 07:15:01 (17.0'C): gpu: 37.0'C (delta: +20.0'C) (util: 0%)
01/22/23 - 08:15:01 (17.0'C): cpu: 35.0'C (delta: +18.0'C)
01/22/23 - 08:15:01 (17.0'C): gpu: 37.0'C (delta: +20.0'C) (util: 0%)
01/22/23 - 09:15:01 (17.0'C): cpu: 34.0'C (delta: +17.0'C)
01/22/23 - 09:15:01 (17.0'C): gpu: 38.0'C (delta: +21.0'C) (util: 0%)
01/22/23 - 10:15:01 (17.0'C): cpu: 35.0'C (delta: +18.0'C)
01/22/23 - 10:15:01 (17.0'C): gpu: 38.0'C (delta: +21.0'C) (util: 0%)
01/22/23 - 11:15:01 (23.0'C): cpu: 34.0'C (delta: +11.0'C)
01/22/23 - 11:15:01 (23.0'C): gpu: 36.0'C (delta: +13.0'C) (util: 0%)
01/22/23 - 12:15:01 (23.0'C): cpu: 33.0'C (delta: +10.0'C)
01/22/23 - 12:15:01 (23.0'C): gpu: 36.0'C (delta: +13.0'C) (util: 0%)
01/22/23 - 13:15:01 (23.0'C): cpu: 34.0'C (delta: +11.0'C)
01/22/23 - 13:15:01 (23.0'C): gpu: 36.0'C (delta: +13.0'C) (util: 0%)
01/22/23 - 14:15:01 (23.0'C): cpu: 34.0'C (delta: +11.0'C)
01/22/23 - 14:15:01 (23.0'C): gpu: 37.0'C (delta: +14.0'C) (util: 0%)
01/22/23 - 15:15:01 (24.0'C): cpu: 35.0'C (delta: +11.0'C)
01/22/23 - 15:15:01 (24.0'C): gpu: 39.0'C (delta: +15.0'C) (util: 0%)
01/22/23 - 16:15:01 (24.0'C): cpu: 40.0'C (delta: +16.0'C)
01/22/23 - 16:15:01 (24.0'C): gpu: 40.0'C (delta: +16.0'C) (util: 0%)
01/22/23 - 17:15:01 (24.0'C): cpu: 36.0'C (delta: +12.0'C)
01/22/23 - 17:15:01 (24.0'C): gpu: 40.0'C (delta: +16.0'C) (util: 0%)
01/22/23 - 18:15:01 (24.0'C): cpu: 36.0'C (delta: +12.0'C)
01/22/23 - 18:15:01 (24.0'C): gpu: 40.0'C (delta: +16.0'C) (util: 0%)
01/22/23 - 19:15:01 (22.0'C): cpu: 36.0'C (delta: +14.0'C)
01/22/23 - 19:15:01 (22.0'C): gpu: 40.0'C (delta: +18.0'C) (util: 0%)
01/22/23 - 20:15:01 (22.0'C): cpu: 36.0'C (delta: +14.0'C)
01/22/23 - 20:15:01 (22.0'C): gpu: 40.0'C (delta: +18.0'C) (util: 0%)
01/22/23 - 21:15:01 (22.0'C): cpu: 47.0'C (delta: +25.0'C)
01/22/23 - 21:15:01 (22.0'C): gpu: 40.0'C (delta: +18.0'C) (util: 0%)
01/22/23 - 22:15:01 (18.0'C): cpu: 36.0'C (delta: +18.0'C)
01/22/23 - 22:15:01 (18.0'C): gpu: 40.0'C (delta: +22.0'C) (util: 0%)
01/22/23 - 23:15:01 (18.0'C): cpu: 37.0'C (delta: +19.0'C)
01/22/23 - 23:15:01 (18.0'C): gpu: 40.0'C (delta: +22.0'C) (util: 0%)
01/23/23 - 00:15:01 (18.0'C): cpu: 36.0'C (delta: +18.0'C)
01/23/23 - 00:15:01 (18.0'C): gpu: 39.0'C (delta: +21.0'C) (util: 0%)
01/23/23 - 01:15:01 (18.0'C): cpu: 36.0'C (delta: +18.0'C)
01/23/23 - 01:15:01 (18.0'C): gpu: 39.0'C (delta: +21.0'C) (util: 0%)
01/23/23 - 02:15:01 (17.0'C): cpu: 36.0'C (delta: +19.0'C)
01/23/23 - 02:15:01 (17.0'C): gpu: 39.0'C (delta: +22.0'C) (util: 0%)
01/23/23 - 03:15:01 (16.0'C): cpu: 34.0'C (delta: +18.0'C)
01/23/23 - 03:15:01 (16.0'C): gpu: 39.0'C (delta: +23.0'C) (util: 0%)
