23-01-23 01:02:18 [DELUGE STARTUP]: /data/torrents/ is available!
23-01-23 01:02:24 [JELLYFIN STARTUP]: /data/media is available!
23-01-23 01:02:24 [JELLYFIN STARTUP]: Network is up!
23-01-23 01:02:26 [JELLYFIN STARTUP]: Starting jellyfin...
23-01-23 01:02:26 [S-R-J-J STARTUP]: deluge is not running yet...
23-01-23 01:02:31 [DELUGE STARTUP]: Network is up!
23-01-23 01:02:31 [DELUGE STARTUP]: Starting deluge...
23-01-23 01:02:32 [JELLYFIN STARTUP]: jellyfin is up!
23-01-23 01:02:36 [S-R-J-J STARTUP]: deluge is running!
23-01-23 01:02:36 [DELUGE STARTUP]: deluge is up!
23-01-23 01:02:36 [S-R-J-J STARTUP]: Starting jackett...
23-01-23 01:02:37 [S-R-J-J STARTUP]: Starting radarr...
23-01-23 01:02:37 [S-R-J-J STARTUP]: Starting sonarr...
23-01-23 01:02:37 [S-R-J-J STARTUP]: Starting jellyseerr...
23-01-23 01:02:47 [S-R-J-J STARTUP]: deluge is running!
23-01-23 01:02:47 [S-R-J-J STARTUP]: jackett started successfully!
23-01-23 01:02:47 [S-R-J-J STARTUP]: radarr started successfully!
23-01-23 01:02:47 [S-R-J-J STARTUP]: sonarr started successfully!
23-01-23 01:02:47 [S-R-J-J STARTUP]: jellyseerr started successfully!
23-01-23 01:02:47 [S-R-J-J STARTUP]: Exiting... All containers up!
